"E:/Universidad/octavo semestre/i_h_c/IHC-final-1/Content/barco_mar.uasset" 0
"E:/Universidad/octavo semestre/i_h_c/IHC-final-1/Content/BP/Barco/alfombra.uasset" 1
"E:/Universidad/octavo semestre/i_h_c/IHC-final-1/Content/BP/Barco/Material_001.uasset" 2
"E:/Universidad/octavo semestre/i_h_c/IHC-final-1/Content/BP/Barco/Plano_001.uasset" 3
"E:/Universidad/octavo semestre/i_h_c/IHC-final-1/Content/BP/Barco/FbxScene_base-barco.uasset" 4
"E:/Universidad/octavo semestre/i_h_c/IHC-final-1/Content/BP/Barco/barril.uasset" 5
"E:/Universidad/octavo semestre/i_h_c/IHC-final-1/Content/BP/Barco/Cilindro.uasset" 6
"E:/Universidad/octavo semestre/i_h_c/IHC-final-1/Content/BP/Barco/fierro.uasset" 7
"E:/Universidad/octavo semestre/i_h_c/IHC-final-1/Content/BP/Barco/Cubo.uasset" 8
"E:/Universidad/octavo semestre/i_h_c/IHC-final-1/Content/BP/Barco/Plano_001_1.uasset" 9
"E:/Universidad/octavo semestre/i_h_c/IHC-final-1/Content/BP/Barco/vidrio.uasset" 10
"E:/Universidad/octavo semestre/i_h_c/IHC-final-1/Content/BP/Barco/Plano_003.uasset" 11
"E:/Universidad/octavo semestre/i_h_c/IHC-final-1/Content/BP/Barco/FbxScene_timon.uasset" 12
"E:/Universidad/octavo semestre/i_h_c/IHC-final-1/Content/materiales/bamboo-wood-semigloss-albedo.uasset" 13
"E:/Universidad/octavo semestre/i_h_c/IHC-final-1/Content/materiales/bamboo-wood-semigloss-metal.uasset" 14
"E:/Universidad/octavo semestre/i_h_c/IHC-final-1/Content/materiales/bamboo-wood-semigloss-roughness.uasset" 15
"E:/Universidad/octavo semestre/i_h_c/IHC-final-1/Content/materiales/wood.uasset" 16
"../../../Engine/Content/Functions/Engine_MaterialFunctions01/Opacity/CameraDepthFade.uasset" 17
"../../../Engine/Content/EngineMaterials/T_Default_Material_Grid_M.uasset" 18
"../../../Engine/Content/EngineMaterials/T_Default_Material_Grid_N.uasset" 19
"../../../Engine/Content/EngineMaterials/WorldGridMaterial.uasset" 20
"../../../Engine/Content/BasicShapes/Cube.uasset" 21
"E:/Universidad/octavo semestre/i_h_c/IHC-final-1/Content/BP/BP/Dummy.uasset" 22
"../../../Engine/Content/MapTemplates/Materials/BasicAsset01.uasset" 23
"E:/Universidad/octavo semestre/i_h_c/IHC-final-1/Content/BP/BP/Dummy2.uasset" 24
"E:/Universidad/octavo semestre/i_h_c/IHC-final-1/Content/MobileStarterContent/Textures/T_Metal_Aluminum_D.uasset" 25
"E:/Universidad/octavo semestre/i_h_c/IHC-final-1/Content/MobileStarterContent/Textures/T_Metal_Gold_N.uasset" 26
"E:/Universidad/octavo semestre/i_h_c/IHC-final-1/Content/MobileStarterContent/Materials/M_Metal_Burnished_Steel.uasset" 27
"E:/Universidad/octavo semestre/i_h_c/IHC-final-1/Content/Objetos/Sting-Sword.uasset" 28
"E:/Universidad/octavo semestre/i_h_c/IHC-final-1/Content/BP/BP/espada.uasset" 29
"../../../Engine/Content/EngineDebugMaterials/BlackUnlitMaterial.uasset" 30
"E:/Universidad/octavo semestre/i_h_c/IHC-final-1/Content/materiales/Shark_Texture.uasset" 31
"E:/Universidad/octavo semestre/i_h_c/IHC-final-1/Content/materiales/skin.uasset" 32
"E:/Universidad/octavo semestre/i_h_c/IHC-final-1/Content/MobileStarterContent/Textures/T_Metal_Steel_D.uasset" 33
"E:/Universidad/octavo semestre/i_h_c/IHC-final-1/Content/MobileStarterContent/Textures/T_Metal_Steel_N.uasset" 34
"E:/Universidad/octavo semestre/i_h_c/IHC-final-1/Content/MobileStarterContent/Materials/M_Metal_Steel.uasset" 35
"E:/Universidad/octavo semestre/i_h_c/IHC-final-1/Content/Objetos/Shark.uasset" 36
"E:/Universidad/octavo semestre/i_h_c/IHC-final-1/Content/BP/BP/shark.uasset" 37
"E:/Universidad/octavo semestre/i_h_c/IHC-final-1/Content/BP/Mapas/Material_001.uasset" 38
"E:/Universidad/octavo semestre/i_h_c/IHC-final-1/Content/BP/Mapas/Plano_005.uasset" 39
"E:/Universidad/octavo semestre/i_h_c/IHC-final-1/Content/BP/Mapas/FbxScene_popa.uasset" 40
"E:/Universidad/octavo semestre/i_h_c/IHC-final-1/Content/efectos-sonido/mi_voz.uasset" 41
"E:/Universidad/octavo semestre/i_h_c/IHC-final-1/Content/efectos-sonido/pasar_pagina.uasset" 42
"E:/Universidad/octavo semestre/i_h_c/IHC-final-1/Content/Geometry/Meshes/CubeMaterial.uasset" 43
"E:/Universidad/octavo semestre/i_h_c/IHC-final-1/Content/Geometry/Meshes/1M_Cube_Chamfer.uasset" 44
"E:/Universidad/octavo semestre/i_h_c/IHC-final-1/Content/Geometry/Meshes/TemplateFloor.uasset" 45
"E:/Universidad/octavo semestre/i_h_c/IHC-final-1/Content/MobileStarterContent/Materials/M_Basic_Wall.uasset" 46
"E:/Universidad/octavo semestre/i_h_c/IHC-final-1/Content/MobileStarterContent/Architecture/Pillar_50x500.uasset" 47
"E:/Universidad/octavo semestre/i_h_c/IHC-final-1/Content/MobileStarterContent/Architecture/Wall_400x300.uasset" 48
"E:/Universidad/octavo semestre/i_h_c/IHC-final-1/Content/MobileStarterContent/Architecture/Wall_400x400.uasset" 49
"E:/Universidad/octavo semestre/i_h_c/IHC-final-1/Content/MobileStarterContent/Architecture/Wall_500x500.uasset" 50
"E:/Universidad/octavo semestre/i_h_c/IHC-final-1/Content/MobileStarterContent/Architecture/Wall_Door_400x400.uasset" 51
"E:/Universidad/octavo semestre/i_h_c/IHC-final-1/Content/MobileStarterContent/Architecture/Wall_Window_400x400.uasset" 52
"E:/Universidad/octavo semestre/i_h_c/IHC-final-1/Content/MobileStarterContent/Audio/Light01.uasset" 53
"E:/Universidad/octavo semestre/i_h_c/IHC-final-1/Content/MobileStarterContent/Audio/Light01_Cue.uasset" 54
"E:/Universidad/octavo semestre/i_h_c/IHC-final-1/Content/MobileStarterContent/Audio/Light02.uasset" 55
"E:/Universidad/octavo semestre/i_h_c/IHC-final-1/Content/MobileStarterContent/Audio/Light02_Cue.uasset" 56
"E:/Universidad/octavo semestre/i_h_c/IHC-final-1/Content/MobileStarterContent/Audio/Steam01.uasset" 57
"E:/Universidad/octavo semestre/i_h_c/IHC-final-1/Content/MobileStarterContent/Audio/Steam01_Cue.uasset" 58
"E:/Universidad/octavo semestre/i_h_c/IHC-final-1/Content/MobileStarterContent/Audio/Explosion01.uasset" 59
"E:/Universidad/octavo semestre/i_h_c/IHC-final-1/Content/MobileStarterContent/Audio/Explosion02.uasset" 60
"E:/Universidad/octavo semestre/i_h_c/IHC-final-1/Content/MobileStarterContent/Audio/Explosion_Cue.uasset" 61
"E:/Universidad/octavo semestre/i_h_c/IHC-final-1/Content/MobileStarterContent/Textures/T_Burst_M.uasset" 62
"E:/Universidad/octavo semestre/i_h_c/IHC-final-1/Content/MobileStarterContent/Particles/Materials/M_Burst.uasset" 63
"E:/Universidad/octavo semestre/i_h_c/IHC-final-1/Content/MobileStarterContent/Textures/T_Explosion_SubUV.uasset" 64
"E:/Universidad/octavo semestre/i_h_c/IHC-final-1/Content/MobileStarterContent/Particles/Materials/M_explosion_subUV.uasset" 65
"E:/Universidad/octavo semestre/i_h_c/IHC-final-1/Content/MobileStarterContent/Particles/Materials/m_flare_01.uasset" 66
"../../../Engine/Content/Functions/Engine_MaterialFunctions01/Gradient/RadialGradient.uasset" 67
"E:/Universidad/octavo semestre/i_h_c/IHC-final-1/Content/MobileStarterContent/Particles/Materials/M_radial_ramp.uasset" 68
"E:/Universidad/octavo semestre/i_h_c/IHC-final-1/Content/MobileStarterContent/Textures/T_Smoke_SubUV.uasset" 69
"E:/Universidad/octavo semestre/i_h_c/IHC-final-1/Content/MobileStarterContent/Textures/T_Smoke_Tiled_D.uasset" 70
"E:/Universidad/octavo semestre/i_h_c/IHC-final-1/Content/MobileStarterContent/Particles/Materials/M_smoke_subUV.uasset" 71
"E:/Universidad/octavo semestre/i_h_c/IHC-final-1/Content/MobileStarterContent/Particles/P_Explosion.uasset" 72
"E:/Universidad/octavo semestre/i_h_c/IHC-final-1/Content/MobileStarterContent/Blueprints/Blueprint_Effect_Explosion.uasset" 73
"E:/Universidad/octavo semestre/i_h_c/IHC-final-1/Content/MobileStarterContent/Materials/M_Basic_Floor.uasset" 74
"E:/Universidad/octavo semestre/i_h_c/IHC-final-1/Content/MobileStarterContent/Materials/M_test.uasset" 75
"../../../Engine/Content/Functions/Engine_MaterialFunctions01/Density/ExponentialDensity.uasset" 76
"../../../Engine/Content/Functions/Engine_MaterialFunctions01/Gradient/RadialGradientExponential.uasset" 77
"E:/Universidad/octavo semestre/i_h_c/IHC-final-1/Content/MobileStarterContent/Materials/Own_design/Rain_M1.uasset" 78
"E:/Universidad/octavo semestre/i_h_c/IHC-final-1/Content/MobileStarterContent/Materials/Own_design/Rain2_Ps.uasset" 79
"E:/Universidad/octavo semestre/i_h_c/IHC-final-1/Content/MobileStarterContent/Materials/Own_design/Rain_Ps.uasset" 80
"E:/Universidad/octavo semestre/i_h_c/IHC-final-1/Content/MobileStarterContent/Textures/T_Bush_D.uasset" 81
"E:/Universidad/octavo semestre/i_h_c/IHC-final-1/Content/MobileStarterContent/Textures/T_Bush_N.uasset" 82
"E:/Universidad/octavo semestre/i_h_c/IHC-final-1/Content/MobileStarterContent/Props/Materials/M_Bush.uasset" 83
"E:/Universidad/octavo semestre/i_h_c/IHC-final-1/Content/MobileStarterContent/Props/SM_Bush.uasset" 84
"E:/Universidad/octavo semestre/i_h_c/IHC-final-1/Content/MobileStarterContent/Textures/T_Chair_M.uasset" 85
"E:/Universidad/octavo semestre/i_h_c/IHC-final-1/Content/MobileStarterContent/Textures/T_Chair_N.uasset" 86
"E:/Universidad/octavo semestre/i_h_c/IHC-final-1/Content/MobileStarterContent/Props/Materials/M_Chair.uasset" 87
"E:/Universidad/octavo semestre/i_h_c/IHC-final-1/Content/MobileStarterContent/Props/SM_Couch.uasset" 88
"E:/Universidad/octavo semestre/i_h_c/IHC-final-1/Content/MobileStarterContent/Materials/M_Glass.uasset" 89
"E:/Universidad/octavo semestre/i_h_c/IHC-final-1/Content/MobileStarterContent/Textures/T_Door_M.uasset" 90
"E:/Universidad/octavo semestre/i_h_c/IHC-final-1/Content/MobileStarterContent/Textures/T_Door_N.uasset" 91
"E:/Universidad/octavo semestre/i_h_c/IHC-final-1/Content/MobileStarterContent/Props/Materials/M_Door.uasset" 92
"E:/Universidad/octavo semestre/i_h_c/IHC-final-1/Content/MobileStarterContent/Props/SM_Door.uasset" 93
"E:/Universidad/octavo semestre/i_h_c/IHC-final-1/Content/MobileStarterContent/Props/Materials/M_MaterialSphere.uasset" 94
"E:/Universidad/octavo semestre/i_h_c/IHC-final-1/Content/MobileStarterContent/Props/Materials/M_MaterialSphere_Plain.uasset" 95
"E:/Universidad/octavo semestre/i_h_c/IHC-final-1/Content/MobileStarterContent/Props/SM_MatPreviewMesh_02.uasset" 96
"E:/Universidad/octavo semestre/i_h_c/IHC-final-1/Content/MobileStarterContent/Textures/T_Rock_Basalt_D.uasset" 97
"E:/Universidad/octavo semestre/i_h_c/IHC-final-1/Content/MobileStarterContent/Textures/T_RockMesh_M.uasset" 98
"E:/Universidad/octavo semestre/i_h_c/IHC-final-1/Content/MobileStarterContent/Textures/T_RockMesh_N.uasset" 99
"E:/Universidad/octavo semestre/i_h_c/IHC-final-1/Content/MobileStarterContent/Props/Materials/M_Rock.uasset" 100
"E:/Universidad/octavo semestre/i_h_c/IHC-final-1/Content/MobileStarterContent/Props/SM_Rock.uasset" 101
"E:/Universidad/octavo semestre/i_h_c/IHC-final-1/Content/MobileStarterContent/Textures/T_Shelf_M.uasset" 102
"E:/Universidad/octavo semestre/i_h_c/IHC-final-1/Content/MobileStarterContent/Textures/T_Shelf_N.uasset" 103
"E:/Universidad/octavo semestre/i_h_c/IHC-final-1/Content/MobileStarterContent/Props/Materials/M_Shelf.uasset" 104
"E:/Universidad/octavo semestre/i_h_c/IHC-final-1/Content/MobileStarterContent/Props/SM_Shelf.uasset" 105
"E:/Universidad/octavo semestre/i_h_c/IHC-final-1/Content/MobileStarterContent/Props/SM_Stairs.uasset" 106
"E:/Universidad/octavo semestre/i_h_c/IHC-final-1/Content/MobileStarterContent/Shapes/Shape_Cone.uasset" 107
"E:/Universidad/octavo semestre/i_h_c/IHC-final-1/Content/MobileStarterContent/Shapes/Shape_Cylinder.uasset" 108
"E:/Universidad/octavo semestre/i_h_c/IHC-final-1/Content/MobileStarterContent/Shapes/Shape_NarrowCapsule.uasset" 109
"E:/Universidad/octavo semestre/i_h_c/IHC-final-1/Content/MobileStarterContent/Shapes/Shape_Pipe.uasset" 110
"E:/Universidad/octavo semestre/i_h_c/IHC-final-1/Content/MobileStarterContent/Shapes/Shape_Pipe_180.uasset" 111
"E:/Universidad/octavo semestre/i_h_c/IHC-final-1/Content/MobileStarterContent/Shapes/Shape_Pipe_90.uasset" 112
"E:/Universidad/octavo semestre/i_h_c/IHC-final-1/Content/MobileStarterContent/Shapes/Shape_Plane.uasset" 113
"E:/Universidad/octavo semestre/i_h_c/IHC-final-1/Content/MobileStarterContent/Shapes/Shape_Torus.uasset" 114
"E:/Universidad/octavo semestre/i_h_c/IHC-final-1/Content/MobileStarterContent/Shapes/Shape_Trim.uasset" 115
"E:/Universidad/octavo semestre/i_h_c/IHC-final-1/Content/MobileStarterContent/Shapes/Shape_Trim_90_In.uasset" 116
"E:/Universidad/octavo semestre/i_h_c/IHC-final-1/Content/MobileStarterContent/Shapes/Shape_Trim_90_Out.uasset" 117
"E:/Universidad/octavo semestre/i_h_c/IHC-final-1/Content/MobileStarterContent/Shapes/Shape_TriPyramid.uasset" 118
"E:/Universidad/octavo semestre/i_h_c/IHC-final-1/Content/MobileStarterContent/Shapes/Shape_Tube.uasset" 119
"E:/Universidad/octavo semestre/i_h_c/IHC-final-1/Content/MobileStarterContent/Shapes/Shape_Wedge_A.uasset" 120
"E:/Universidad/octavo semestre/i_h_c/IHC-final-1/Content/MobileStarterContent/Shapes/Shape_Wedge_B.uasset" 121
"E:/Universidad/octavo semestre/i_h_c/IHC-final-1/Content/MobileStarterContent/Shapes/Shape_WideCapsule.uasset" 122
"E:/Universidad/octavo semestre/i_h_c/IHC-final-1/Content/MobileStarterContent/Textures/T_CobbleStone_Pebble_M.uasset" 123
"E:/Universidad/octavo semestre/i_h_c/IHC-final-1/Content/MobileStarterContent/Textures/T_Concrete_Tiles_Variation_M.uasset" 124
"E:/Universidad/octavo semestre/i_h_c/IHC-final-1/Content/MobileStarterContent/Textures/T_Detail_Rocky_N.uasset" 125
"E:/Universidad/octavo semestre/i_h_c/IHC-final-1/Content/MobileStarterContent/Textures/T_Gradinet_01.uasset" 126
"E:/Universidad/octavo semestre/i_h_c/IHC-final-1/Content/MobileStarterContent/Textures/T_Perlin_Noise_M.uasset" 127
"E:/Universidad/octavo semestre/i_h_c/IHC-final-1/Content/MobileStarterContent/Textures/T_Rock_Smooth_Granite_D.uasset" 128
"E:/Universidad/octavo semestre/i_h_c/IHC-final-1/Content/Objetos/Plano_001.uasset" 129
"E:/Universidad/octavo semestre/i_h_c/IHC-final-1/Content/Objetos/FbxScene_barco-separado.uasset" 130
"E:/Universidad/octavo semestre/i_h_c/IHC-final-1/Content/Objetos/Rockwall.uasset" 131
"../../../Engine/Content/ArtTools/RenderToTexture/Meshes/S_1_Unit_Plane.uasset" 132
"../../../Engine/Content/EngineMaterials/DefaultMaterial.uasset" 133
"../../../Engine/Content/BasicShapes/Cone.uasset" 134
"../../../Engine/Content/BasicShapes/Plane.uasset" 135
"../../../Engine/Content/EditorLandscapeResources/DataLayer.uasset" 136
"../../../Engine/Content/EditorMaterials/GizmoMaterial.uasset" 137
"../../../Engine/Content/EditorMaterials/MAT_Groups_Toggle.uasset" 138
"../../../Engine/Content/EditorMaterials/MAT_Groups_Visibility.uasset" 139
"../../../Engine/Content/EditorMaterials/PreviewShadowIndicator.uasset" 140
"../../../Engine/Content/EditorMaterials/PreviewShadowIndicatorMaterial.uasset" 141
"../../../Engine/Content/EditorMaterials/MatineeGroups/MAT_ColorTrack.uasset" 142
"../../../Engine/Content/EditorMaterials/MatineeGroups/MAT_Groups_Anim.uasset" 143
"../../../Engine/Content/EditorMaterials/MatineeGroups/MAT_Groups_AudioMaster.uasset" 144
"../../../Engine/Content/EditorMaterials/MatineeGroups/MAT_Groups_Director.uasset" 145
"../../../Engine/Content/EditorMaterials/MatineeGroups/MAT_Groups_Event.uasset" 146
"../../../Engine/Content/EditorMaterials/MatineeGroups/MAT_Groups_Fade.uasset" 147
"../../../Engine/Content/EditorMaterials/MatineeGroups/MAT_Groups_Float.uasset" 148
"../../../Engine/Content/EditorMaterials/MatineeGroups/MAT_Groups_Move.uasset" 149
"../../../Engine/Content/EditorMaterials/MatineeGroups/MAT_Groups_Slomo.uasset" 150
"../../../Engine/Content/EditorMaterials/MatineeGroups/MAT_Groups_Sound.uasset" 151
"../../../Engine/Content/EditorMaterials/MatineeGroups/MAT_Groups_Vector.uasset" 152
"../../../Engine/Content/EditorMaterials/ParticleSystems/PSysThumbnail_NoImage.uasset" 153
"../../../Engine/Content/EditorMaterials/ParticleSystems/PSysThumbnail_OOD.uasset" 154
"../../../Engine/Content/EditorMaterials/Camera/CineMat.uasset" 155
"../../../Engine/Content/EditorMaterials/Camera/MI_CineMat_Rig.uasset" 156
"../../../Engine/Content/EditorMeshes/Camera/SM_CraneRig_Arm.uasset" 157
"../../../Engine/Content/EditorMeshes/Camera/SM_CraneRig_Base.uasset" 158
"../../../Engine/Content/EditorMeshes/Camera/SM_CraneRig_Body.uasset" 159
"../../../Engine/Content/EditorMeshes/Camera/SM_CraneRig_Mount.uasset" 160
"../../../Engine/Content/EditorMeshes/Camera/SM_RailRig_Mount.uasset" 161
"../../../Engine/Content/EditorMeshes/Camera/SM_RailRig_Track.uasset" 162
"../../../Engine/Content/EditorResources/BSPVertex.uasset" 163
"../../../Engine/Content/EditorResources/EmptyActor.uasset" 164
"../../../Engine/Content/EditorResources/S_Actor.uasset" 165
"../../../Engine/Content/EditorResources/S_Trigger.uasset" 166
"../../../Engine/Content/EditorResources/AudioIcons/S_AudioComponent.uasset" 167
"../../../Engine/Content/EditorResources/AudioIcons/S_AudioComponent_AutoActivate.uasset" 168
"../../../Engine/Content/EditorResources/LightIcons/S_LightError.uasset" 169
"../../../Engine/Content/EditorResources/SequenceRecorder/Countdown.uasset" 170
"../../../Engine/Content/EditorResources/SequenceRecorder/RecordingIndicator.uasset" 171
"../../../Engine/Content/EditorSounds/Notifications/CompileFailed.uasset" 172
"../../../Engine/Content/EditorSounds/Notifications/CompileFailed_Cue.uasset" 173
"../../../Engine/Content/EditorSounds/Notifications/CompileSuccess.uasset" 174
"../../../Engine/Content/EditorSounds/Notifications/CompileStart_Cue.uasset" 175
"../../../Engine/Content/EditorSounds/Notifications/CompileSuccess_Cue.uasset" 176
"../../../Engine/Content/EngineDamageTypes/DmgTypeBP_Environmental.uasset" 177
"../../../Engine/Content/EngineDebugMaterials/HeatmapGradient.uasset" 178
"../../../Engine/Content/EngineDebugMaterials/BoneWeightMaterial.uasset" 179
"../../../Engine/Content/EngineDebugMaterials/ClothMaterial.uasset" 180
"../../../Engine/Content/EngineDebugMaterials/ClothMaterial_WF.uasset" 181
"../../../Engine/Content/EngineDebugMaterials/DebugEditorMaterial.uasset" 182
"../../../Engine/Content/EngineDebugMaterials/DebugMeshMaterial.uasset" 183
"../../../Engine/Content/EngineDebugMaterials/GeomMaterial.uasset" 184
"../../../Engine/Content/EngineDebugMaterials/M_SimpleTranslucent.uasset" 185
"../../../Engine/Content/EngineFonts/Faces/RobotoBold.uasset" 186
"../../../Engine/Content/EngineFonts/Faces/RobotoBoldItalic.uasset" 187
"../../../Engine/Content/EngineFonts/Faces/RobotoItalic.uasset" 188
"../../../Engine/Content/EngineFonts/Faces/RobotoLight.uasset" 189
"../../../Engine/Content/EngineFonts/Faces/RobotoRegular.uasset" 190
"../../../Engine/Content/EngineFonts/Roboto.uasset" 191
"../../../Engine/Content/EngineFonts/Faces/RobotoTiny.uasset" 192
"../../../Engine/Content/EngineFonts/RobotoTiny.uasset" 193
"../../../Engine/Content/EngineMaterials/BaseFlattenDiffuseMap.uasset" 194
"../../../Engine/Content/EngineMaterials/BaseFlattenEmissiveMap.uasset" 195
"../../../Engine/Content/EngineMaterials/BaseFlattenGrayscaleMap.uasset" 196
"../../../Engine/Content/EngineMaterials/BaseFlattenNormalMap.uasset" 197
"../../../Engine/Content/EngineMaterials/BaseFlattenMaterial.uasset" 198
"../../../Engine/Content/EngineMaterials/DefaultBloomKernel.uasset" 199
"../../../Engine/Content/EngineMaterials/DefaultBokeh.uasset" 200
"../../../Engine/Content/EngineMaterials/DefaultDiffuse.uasset" 201
"../../../Engine/Content/EngineMaterials/DefaultDeferredDecalMaterial.uasset" 202
"../../../Engine/Content/EngineMaterials/DefaultLightFunctionMaterial.uasset" 203
"../../../Engine/Content/Functions/Engine_MaterialFunctions02/Utility/BreakOutFloat2Components.uasset" 204
"../../../Engine/Content/EngineMaterials/DefaultPostProcessMaterial.uasset" 205
"../../../Engine/Content/EngineFonts/RobotoDistanceField.uasset" 206
"../../../Engine/Content/EngineMaterials/DefaultTextMaterialOpaque.uasset" 207
"../../../Engine/Content/EngineMaterials/DefaultWhiteGrid.uasset" 208
"../../../Engine/Content/EngineMaterials/EditorBrushMaterial.uasset" 209
"../../../Engine/Content/EngineMaterials/MiniFont.uasset" 210
"../../../Engine/Content/EngineMaterials/InvalidLightmapSettings.uasset" 211
"../../../Engine/Content/EngineMaterials/M_InvalidLightmapSettings.uasset" 212
"../../../Engine/Content/Functions/Engine_MaterialFunctions02/WorldPositionOffset/CameraOffset.uasset" 213
"../../../Engine/Content/EngineMaterials/PhAT_JointLimitMaterial.uasset" 214
"../../../Engine/Content/EngineMaterials/PreintegratedSkinBRDF.uasset" 215
"../../../Engine/Content/EngineMaterials/RemoveSurfaceMaterial.uasset" 216
"../../../Engine/Content/EngineMaterials/WeightMapPlaceholderTexture.uasset" 217
"../../../Engine/Content/EngineResources/WhiteSquareTexture.uasset" 218
"../../../Engine/Content/EngineMaterials/Widget3DPassThrough.uasset" 219
"../../../Engine/Content/EngineMaterials/Widget3DPassThrough_Masked.uasset" 220
"../../../Engine/Content/EngineMaterials/Widget3DPassThrough_Opaque.uasset" 221
"../../../Engine/Content/EngineMaterials/Widget3DPassThrough_Masked_OneSided.uasset" 222
"../../../Engine/Content/EngineMaterials/Widget3DPassThrough_Opaque_OneSided.uasset" 223
"../../../Engine/Content/EngineMaterials/Widget3DPassThrough_Translucent.uasset" 224
"../../../Engine/Content/EngineMaterials/Widget3DPassThrough_Translucent_OneSided.uasset" 225
"../../../Engine/Content/EngineMeshes/Cylinder.uasset" 226
"../../../Engine/Content/EngineMeshes/Sphere.uasset" 227
"../../../Engine/Content/EngineResources/Black.uasset" 228
"../../../Engine/Content/EngineResources/DefaultTexture.uasset" 229
"../../../Engine/Content/EngineResources/DefaultTextureCube.uasset" 230
"../../../Engine/Content/EngineResources/DefaultVolumeTexture2D.uasset" 231
"../../../Engine/Content/EngineResources/DefaultVolumeTexture.uasset" 232
"../../../Engine/Content/EngineResources/GradientTexture0.uasset" 233
"../../../Engine/Content/EngineSounds/Master.uasset" 234
"../../../Engine/Content/Functions/Engine_MaterialFunctions01/Shading/ConvertFromDiffSpec.uasset" 235
"../../../Engine/Content/Functions/Engine_MaterialFunctions01/Shading/PowerToRoughness.uasset" 236
"../../../Engine/Content/Maps/Templates/Thumbnails/Default.uasset" 237
"../../../Engine/Content/Maps/Templates/Thumbnails/VR-Basic.uasset" 238
"../../../Engine/Content/MobileResources/T_MobileControls_texture.uasset" 239
"../../../Engine/Content/MobileResources/T_MobileMenu2.uasset" 240
"../../../Engine/Content/MobileResources/HUD/AnalogHat.uasset" 241
"../../../Engine/Content/MobileResources/HUD/VirtualJoystick_Background.uasset" 242
"../../../Engine/Content/MobileResources/HUD/VirtualJoystick_Thumb.uasset" 243
"../../../Engine/Content/MobileResources/HUD/DefaultVirtualJoysticks.uasset" 244
"../../../Engine/Content/MobileResources/HUD/LeftVirtualJoystickOnly.uasset" 245
"../../../Engine/Content/MobileResources/HUD/MobileHUDButton1_off.uasset" 246
"../../../Engine/Content/MobileResources/HUD/MobileHUDButton1_on.uasset" 247
"../../../Engine/Content/MobileResources/HUD/MobileHUDButton2_off.uasset" 248
"../../../Engine/Content/MobileResources/HUD/MobileHUDButton2_on.uasset" 249
"../../../Engine/Content/MobileResources/HUD/MobileHUDButton3.uasset" 250
"../../../Engine/Content/MobileResources/HUD/MobileHUDButtonFire.uasset" 251
"../../../Engine/Content/MobileResources/HUD/MobileHUDDirectionPad.uasset" 252
"../../../Engine/Content/MobileResources/HUD/MobileHUDDirectionPad2.uasset" 253
"../../../Engine/Content/MobileResources/HUD/MobileHUDDirectionPad3.uasset" 254
"../../../Engine/Content/MobileResources/HUD/MobileHUDDirectionStick.uasset" 255
"../../../Engine/Content/MobileResources/HUD/T_Castle_ThumbstickInner.uasset" 256
"../../../Engine/Content/MobileResources/HUD/T_Castle_ThumbstickOutter.uasset" 257
"../../../Engine/Content/Tutorial/ContentIntroCurve.uasset" 258
"../../../Engine/Content/Tutorial/Basics/TutorialAssets/icon_tab_Levels_40x.uasset" 259
"../../../Engine/Content/Tutorial/BlueprintTutorials/TutorialAssets/Blueprint_64x.uasset" 260
"../../../Engine/Content/Tutorial/Foliage/TutorialAssets/Foliage.uasset" 261
"../../../Engine/Content/Tutorial/Landscape/TutorialAssets/Landscape.uasset" 262
"../../../Engine/Content/Tutorial/Mobile/TutorialAssets/android_Icon.uasset" 263
"../../../Engine/Content/VREditor/LaserPointer/VR_LaserPower_01.uasset" 264
"../../../Engine/Content/VREditor/TransformGizmo/TransformGizmoMaterial.uasset" 265
"../../../Engine/Content/VREditor/TransformGizmo/TranslucentTransformGizmoMaterial.uasset" 266
"../../../Engine/Content/VREditor/TransformGizmo/BoundingBoxCorner.uasset" 267
"../../../Engine/Content/VREditor/TransformGizmo/BoundingBoxEdge.uasset" 268
"../../../Engine/Content/VREditor/TransformGizmo/PlaneTranslationHandle.uasset" 269
"../../../Engine/Content/VREditor/TransformGizmo/Main.uasset" 270
"../../../Engine/Content/VREditor/TransformGizmo/Xray.uasset" 271
"../../../Engine/Content/VREditor/TransformGizmo/SM_Sequencer_Key.uasset" 272
"../../../Engine/Content/VREditor/TransformGizmo/SM_Sequencer_Node.uasset" 273
"../../Plugins/2D/Paper2D/Content/PlaceholderTextures/DummySpriteTexture.uasset" 274
"../../Plugins/2D/Paper2D/Content/DummySprite.uasset" 275
"../../Plugins/2D/Paper2D/Content/DefaultPaperTerrainMaterial.uasset" 276
"../../Plugins/2D/Paper2D/Content/DefaultSpriteMaterial.uasset" 277
"../../Plugins/2D/Paper2D/Content/MaskedUnlitSpriteMaterial.uasset" 278
"../../Plugins/2D/Paper2D/Content/OpaqueUnlitSpriteMaterial.uasset" 279
"../../Plugins/Runtime/Oculus/OculusVR/Content/Materials/PokeAHoleMaterial.uasset" 280
"../../Plugins/Runtime/Oculus/OculusVR/Content/Textures/GearVRController_AO.uasset" 281
"../../Plugins/Runtime/Oculus/OculusVR/Content/Textures/GearVRController_Color.uasset" 282
"../../Plugins/Runtime/Oculus/OculusVR/Content/Textures/GearVRController_Normal.uasset" 283
"../../Plugins/Runtime/Oculus/OculusVR/Content/Materials/GearVRControllerMaterial.uasset" 284
"../../Plugins/Runtime/Oculus/OculusVR/Content/Meshes/GearVrController.uasset" 285
"../../Plugins/Runtime/Oculus/OculusVR/Content/Textures/touchController_albedo.uasset" 286
"../../Plugins/Runtime/Oculus/OculusVR/Content/Textures/touchController_controlmap.uasset" 287
"../../Plugins/Runtime/Oculus/OculusVR/Content/Materials/touchController_mat.uasset" 288
"../../Plugins/Runtime/Oculus/OculusVR/Content/Meshes/LeftTouchController.uasset" 289
"../../Plugins/Runtime/Oculus/OculusVR/Content/Meshes/RiftHMD.uasset" 290
"../../Plugins/Runtime/Oculus/OculusVR/Content/Meshes/RightTouchController.uasset" 291
"E:/Universidad/octavo semestre/i_h_c/IHC-final-1/Content/efectos-sonido/ronquidos.uasset" 292
"E:/Universidad/octavo semestre/i_h_c/IHC-final-1/Content/Maps/dormido.umap" 293
"../../../Engine/Content/EditorBlueprintResources/StandardMacros.uasset" 294
"../../../Engine/Content/EngineSky/C_Sky_Cloud_Color.uasset" 295
"../../../Engine/Content/EngineSky/C_Sky_Horizon_Color.uasset" 296
"../../../Engine/Content/EngineSky/C_Sky_Zenith_Color.uasset" 297
"../../../Engine/Content/EngineSky/T_Sky_Blue.uasset" 298
"../../../Engine/Content/EngineSky/T_Sky_Clouds_M.uasset" 299
"../../../Engine/Content/EngineSky/T_Sky_Stars.uasset" 300
"../../../Engine/Content/EngineSky/M_Sky_Panning_Clouds2.uasset" 301
"../../../Engine/Content/EngineSky/SM_SkySphere.uasset" 302
"../../../Engine/Content/EngineSky/BP_Sky_Sphere.uasset" 303
"../../../Engine/Content/Functions/Engine_MaterialFunctions01/Texturing/FlattenNormal.uasset" 304
"../../../Engine/Content/EngineMaterials/FlatNormal.uasset" 305
"../../Plugins/Enterprise/DatasmithContent/Content/Materials/CE_BaseMaster.uasset" 306
"../../Plugins/Enterprise/DatasmithContent/Content/Materials/CE_OpaqueMaster.uasset" 307
"../../../Engine/Content/VREditor/BasicMeshes/T_CleanFloorGrunge_01_D.uasset" 308
"../../../Engine/Content/VREditor/BasicMeshes/M_Floor_01.uasset" 309
"../../../Engine/Content/VREditor/BasicMeshes/MI_Pyramid_01.uasset" 310
"../../../Engine/Content/VREditor/BasicMeshes/SM_Pyramid_01.uasset" 311
"E:/Universidad/octavo semestre/i_h_c/IHC-final-1/Content/BP/BP/back.uasset" 312
"E:/Universidad/octavo semestre/i_h_c/IHC-final-1/Content/BP/BP/next.uasset" 313
"E:/Universidad/octavo semestre/i_h_c/IHC-final-1/Content/BP/BP/texto_5.uasset" 314
"E:/Universidad/octavo semestre/i_h_c/IHC-final-1/Content/Maps/isla_BuiltData.uasset" 315
"E:/Universidad/octavo semestre/i_h_c/IHC-final-1/Content/MobileStarterContent/Textures/T_Ground_Grass_D.uasset" 316
"E:/Universidad/octavo semestre/i_h_c/IHC-final-1/Content/MobileStarterContent/Textures/T_Ground_Grass_N.uasset" 317
"E:/Universidad/octavo semestre/i_h_c/IHC-final-1/Content/MobileStarterContent/Materials/M_Ground_Grass.uasset" 318
"../../../Engine/Content/Functions/Engine_MaterialFunctions02/Utility/BlendAngleCorrectedNormals.uasset" 319
"E:/Universidad/octavo semestre/i_h_c/IHC-final-1/Content/MobileStarterContent/Textures/T_Water_M.uasset" 320
"E:/Universidad/octavo semestre/i_h_c/IHC-final-1/Content/MobileStarterContent/Textures/T_Water_N.uasset" 321
"E:/Universidad/octavo semestre/i_h_c/IHC-final-1/Content/MobileStarterContent/Materials/M_Water_Ocean.uasset" 322
"../../../Engine/Content/EngineMaterials/DefaultPhysicalMaterial.uasset" 323
"E:/Universidad/octavo semestre/i_h_c/IHC-final-1/Content/sonidos-fondo/playa.uasset" 324
"E:/Universidad/octavo semestre/i_h_c/IHC-final-1/Content/Maps/isla.umap" 325
"E:/Universidad/octavo semestre/i_h_c/IHC-final-1/Content/Objetos/ancla.uasset" 326
"E:/Universidad/octavo semestre/i_h_c/IHC-final-1/Content/BP/BP/anchor.uasset" 327
"E:/Universidad/octavo semestre/i_h_c/IHC-final-1/Content/MobileStarterContent/Textures/T_Wood_Pine_D.uasset" 328
"E:/Universidad/octavo semestre/i_h_c/IHC-final-1/Content/MobileStarterContent/Textures/T_Wood_Pine_N.uasset" 329
"E:/Universidad/octavo semestre/i_h_c/IHC-final-1/Content/MobileStarterContent/Materials/M_Wood_Pine.uasset" 330
"E:/Universidad/octavo semestre/i_h_c/IHC-final-1/Content/Objetos/Barrels.uasset" 331
"E:/Universidad/octavo semestre/i_h_c/IHC-final-1/Content/BP/BP/barril.uasset" 332
"E:/Universidad/octavo semestre/i_h_c/IHC-final-1/Content/Objetos/Box.uasset" 333
"E:/Universidad/octavo semestre/i_h_c/IHC-final-1/Content/BP/BP/caja.uasset" 334
"../../../Engine/Content/TemplateResources/M_Template_Master.uasset" 335
"../../../Engine/Content/TemplateResources/MI_Template_BaseBlue.uasset" 336
"E:/Universidad/octavo semestre/i_h_c/IHC-final-1/Content/BP/BP/change.uasset" 337
"../../../Engine/Content/EditorBlueprintResources/ActorMacros.uasset" 338
"E:/Universidad/octavo semestre/i_h_c/IHC-final-1/Content/BP/BP/controles/vr_instance.uasset" 339
"E:/Universidad/octavo semestre/i_h_c/IHC-final-1/Content/BP/BP/controles/HUD_menu.uasset" 340
"E:/Universidad/octavo semestre/i_h_c/IHC-final-1/Content/BP/BP/controles/vr_controller.uasset" 341
"E:/Universidad/octavo semestre/i_h_c/IHC-final-1/Content/materiales/sculptedfloorboards2b_basecolor.uasset" 342
"E:/Universidad/octavo semestre/i_h_c/IHC-final-1/Content/materiales/sculptedfloorboards2b_metalness.uasset" 343
"E:/Universidad/octavo semestre/i_h_c/IHC-final-1/Content/materiales/sculptedfloorboards2b_roughness.uasset" 344
"E:/Universidad/octavo semestre/i_h_c/IHC-final-1/Content/materiales/old_wood.uasset" 345
"E:/Universidad/octavo semestre/i_h_c/IHC-final-1/Content/Objetos/Wood.uasset" 346
"E:/Universidad/octavo semestre/i_h_c/IHC-final-1/Content/BP/BP/lumber.uasset" 347
"E:/Universidad/octavo semestre/i_h_c/IHC-final-1/Content/efectos-sonido/ancla_ok.uasset" 348
"E:/Universidad/octavo semestre/i_h_c/IHC-final-1/Content/efectos-sonido/barril_ok.uasset" 349
"E:/Universidad/octavo semestre/i_h_c/IHC-final-1/Content/efectos-sonido/bostezo.uasset" 350
"E:/Universidad/octavo semestre/i_h_c/IHC-final-1/Content/efectos-sonido/caja_ok.uasset" 351
"E:/Universidad/octavo semestre/i_h_c/IHC-final-1/Content/efectos-sonido/rafaga_de_viento.uasset" 352
"E:/Universidad/octavo semestre/i_h_c/IHC-final-1/Content/efectos-sonido/repaired.uasset" 353
"E:/Universidad/octavo semestre/i_h_c/IHC-final-1/Content/VirtualReality/Mannequin/Character/Textures/UE4_Mannequin__normals.uasset" 354
"E:/Universidad/octavo semestre/i_h_c/IHC-final-1/Content/VirtualReality/Mannequin/Character/Textures/UE4_Mannequin_MAT_MASKA.uasset" 355
"E:/Universidad/octavo semestre/i_h_c/IHC-final-1/Content/VirtualReality/Mannequin/Character/Materials/M_HandMat.uasset" 356
"E:/Universidad/octavo semestre/i_h_c/IHC-final-1/Content/VirtualReality/Mannequin/Character/Mesh/MannequinHand_Right_PhysicsAsset.uasset" 357
"E:/Universidad/octavo semestre/i_h_c/IHC-final-1/Content/VirtualReality/Mannequin/Character/Mesh/MannequinHand_Right_Skeleton.uasset" 358
"E:/Universidad/octavo semestre/i_h_c/IHC-final-1/Content/VirtualReality/Mannequin/Character/Mesh/MannequinHand_Right.uasset" 359
"E:/Universidad/octavo semestre/i_h_c/IHC-final-1/Content/BP/BP/controles/my_Character.uasset" 360
"E:/Universidad/octavo semestre/i_h_c/IHC-final-1/Content/BP/BP/controles/modo_juego.uasset" 361
"E:/Universidad/octavo semestre/i_h_c/IHC-final-1/Content/BP/BP/texto_6.uasset" 362
"E:/Universidad/octavo semestre/i_h_c/IHC-final-1/Content/BP/BP/texto_7.uasset" 363
"E:/Universidad/octavo semestre/i_h_c/IHC-final-1/Content/Maps/isla_inmovil_BuiltData.uasset" 364
"E:/Universidad/octavo semestre/i_h_c/IHC-final-1/Content/efectos-sonido/grito.uasset" 365
"E:/Universidad/octavo semestre/i_h_c/IHC-final-1/Content/sonidos-fondo/suspenso.uasset" 366
"E:/Universidad/octavo semestre/i_h_c/IHC-final-1/Content/Maps/isla_inmovil.umap" 367
"E:/Universidad/octavo semestre/i_h_c/IHC-final-1/Content/Objetos/Material.uasset" 368
"E:/Universidad/octavo semestre/i_h_c/IHC-final-1/Content/Objetos/Material_001.uasset" 369
"E:/Universidad/octavo semestre/i_h_c/IHC-final-1/Content/Objetos/Material_002.uasset" 370
"E:/Universidad/octavo semestre/i_h_c/IHC-final-1/Content/Objetos/boat2.uasset" 371
"E:/Universidad/octavo semestre/i_h_c/IHC-final-1/Content/BP/BP/bote_volcado.uasset" 372
"E:/Universidad/octavo semestre/i_h_c/IHC-final-1/Content/BP/BP/texto_8.uasset" 373
"E:/Universidad/octavo semestre/i_h_c/IHC-final-1/Content/Maps/isla_repair_BuiltData.uasset" 374
"E:/Universidad/octavo semestre/i_h_c/IHC-final-1/Content/Maps/isla_repair.umap" 375
"E:/Universidad/octavo semestre/i_h_c/IHC-final-1/Content/BP/BP/texto_4.uasset" 376
"E:/Universidad/octavo semestre/i_h_c/IHC-final-1/Content/BP/BP/texto_9.uasset" 377
"E:/Universidad/octavo semestre/i_h_c/IHC-final-1/Content/Maps/mar-sin-barco_BuiltData.uasset" 378
"E:/Universidad/octavo semestre/i_h_c/IHC-final-1/Content/Maps/mar-sin-barco.umap" 379
"E:/Universidad/octavo semestre/i_h_c/IHC-final-1/Content/MobileStarterContent/Textures/T_Wood_Floor_Walnut_D.uasset" 380
"E:/Universidad/octavo semestre/i_h_c/IHC-final-1/Content/MobileStarterContent/Textures/T_Wood_Floor_Walnut_M.uasset" 381
"E:/Universidad/octavo semestre/i_h_c/IHC-final-1/Content/MobileStarterContent/Textures/T_Wood_Floor_Walnut_N.uasset" 382
"E:/Universidad/octavo semestre/i_h_c/IHC-final-1/Content/MobileStarterContent/Materials/M_Wood_Floor_Walnut_Polished.uasset" 383
"E:/Universidad/octavo semestre/i_h_c/IHC-final-1/Content/MobileStarterContent/Textures/T_Wood_Oak_D.uasset" 384
"E:/Universidad/octavo semestre/i_h_c/IHC-final-1/Content/MobileStarterContent/Textures/T_Wood_Oak_N.uasset" 385
"E:/Universidad/octavo semestre/i_h_c/IHC-final-1/Content/MobileStarterContent/Materials/M_Wood_Oak.uasset" 386
"E:/Universidad/octavo semestre/i_h_c/IHC-final-1/Content/MobileStarterContent/Textures/T_Statue_M.uasset" 387
"E:/Universidad/octavo semestre/i_h_c/IHC-final-1/Content/MobileStarterContent/Textures/T_Statue_N.uasset" 388
"E:/Universidad/octavo semestre/i_h_c/IHC-final-1/Content/MobileStarterContent/Props/Materials/M_StatueGlass.uasset" 389
"E:/Universidad/octavo semestre/i_h_c/IHC-final-1/Content/BP/Barco2/alfombra.uasset" 390
"E:/Universidad/octavo semestre/i_h_c/IHC-final-1/Content/BP/Barco2/barril.uasset" 391
"E:/Universidad/octavo semestre/i_h_c/IHC-final-1/Content/BP/Barco2/fierro.uasset" 392
"E:/Universidad/octavo semestre/i_h_c/IHC-final-1/Content/BP/Barco2/Material_001.uasset" 393
"E:/Universidad/octavo semestre/i_h_c/IHC-final-1/Content/BP/Barco2/vidrio.uasset" 394
"E:/Universidad/octavo semestre/i_h_c/IHC-final-1/Content/BP/Barco2/Plano_005.uasset" 395
"E:/Universidad/octavo semestre/i_h_c/IHC-final-1/Content/BP/Barco2/FbxScene_barcototal00.uasset" 396
"E:/Universidad/octavo semestre/i_h_c/IHC-final-1/Content/materiales/Rock1COLOR.uasset" 397
"E:/Universidad/octavo semestre/i_h_c/IHC-final-1/Content/materiales/stone.uasset" 398
"E:/Universidad/octavo semestre/i_h_c/IHC-final-1/Content/materiales/rock_v2_lp.uasset" 399
"E:/Universidad/octavo semestre/i_h_c/IHC-final-1/Content/BP/BP/roca.uasset" 400
"E:/Universidad/octavo semestre/i_h_c/IHC-final-1/Content/BP/BP/texto_3.uasset" 401
"E:/Universidad/octavo semestre/i_h_c/IHC-final-1/Content/efectos-sonido/barriles.uasset" 402
"E:/Universidad/octavo semestre/i_h_c/IHC-final-1/Content/Lluvia/Rain_Ps.uasset" 403
"E:/Universidad/octavo semestre/i_h_c/IHC-final-1/Content/sonidos-fondo/tormenta.uasset" 404
"E:/Universidad/octavo semestre/i_h_c/IHC-final-1/Content/Maps/mar_de_tormenta.umap" 405
"E:/Universidad/octavo semestre/i_h_c/IHC-final-1/Content/BP/BP/texto_2.uasset" 406
"E:/Universidad/octavo semestre/i_h_c/IHC-final-1/Content/efectos-sonido/caja.uasset" 407
"E:/Universidad/octavo semestre/i_h_c/IHC-final-1/Content/sonidos-fondo/barco_en_el_mar.uasset" 408
"E:/Universidad/octavo semestre/i_h_c/IHC-final-1/Content/Maps/mar_inicio.umap" 409
"E:/Universidad/octavo semestre/i_h_c/IHC-final-1/Content/BP/BP/texto_1.uasset" 410
"E:/Universidad/octavo semestre/i_h_c/IHC-final-1/Content/Maps/puerto_BuiltData.uasset" 411
"E:/Universidad/octavo semestre/i_h_c/IHC-final-1/Content/efectos-sonido/ancla.uasset" 412
"E:/Universidad/octavo semestre/i_h_c/IHC-final-1/Content/Maps/puerto.umap" 413
"E:/Universidad/octavo semestre/i_h_c/IHC-final-1/Content/Maps/sala_inicial_BuiltData.uasset" 414
"../../../Engine/Content/VREditor/BasicMeshes/SM_Room_01.uasset" 415
"E:/Universidad/octavo semestre/i_h_c/IHC-final-1/Content/sonidos-fondo/musica_menu.uasset" 416
"E:/Universidad/octavo semestre/i_h_c/IHC-final-1/Content/Maps/sala_inicial.umap" 417
"E:/Universidad/octavo semestre/i_h_c/IHC-final-1/Content/BP/BP/texto_10.uasset" 418
"E:/Universidad/octavo semestre/i_h_c/IHC-final-1/Content/Maps/salida_isla_BuiltData.uasset" 419
"E:/Universidad/octavo semestre/i_h_c/IHC-final-1/Content/efectos-sonido/salvado.uasset" 420
"E:/Universidad/octavo semestre/i_h_c/IHC-final-1/Content/Maps/salida_isla.umap" 421
"E:/Universidad/octavo semestre/i_h_c/IHC-final-1/Content/efectos-sonido/barco_estrellado.uasset" 422
"E:/Universidad/octavo semestre/i_h_c/IHC-final-1/Content/Maps/void.umap" 423
"E:/Universidad/octavo semestre/i_h_c/IHC-final-1/Content/MobileStarterContent/Maps/Minimal_Default_BuiltData.uasset" 424
"E:/Universidad/octavo semestre/i_h_c/IHC-final-1/Content/MobileStarterContent/Architecture/Floor_400x400.uasset" 425
"E:/Universidad/octavo semestre/i_h_c/IHC-final-1/Content/MobileStarterContent/Props/SM_Chair.uasset" 426
"E:/Universidad/octavo semestre/i_h_c/IHC-final-1/Content/MobileStarterContent/Props/Materials/M_Statue.uasset" 427
"E:/Universidad/octavo semestre/i_h_c/IHC-final-1/Content/MobileStarterContent/Props/SM_Statue.uasset" 428
"E:/Universidad/octavo semestre/i_h_c/IHC-final-1/Content/MobileStarterContent/Textures/T_TableRound_M.uasset" 429
"E:/Universidad/octavo semestre/i_h_c/IHC-final-1/Content/MobileStarterContent/Textures/T_TableRound_N.uasset" 430
"E:/Universidad/octavo semestre/i_h_c/IHC-final-1/Content/MobileStarterContent/Props/Materials/M_TableRound.uasset" 431
"E:/Universidad/octavo semestre/i_h_c/IHC-final-1/Content/MobileStarterContent/Props/SM_TableRound.uasset" 432
"E:/Universidad/octavo semestre/i_h_c/IHC-final-1/Content/MobileStarterContent/Maps/Minimal_Default.umap" 433
"E:/Universidad/octavo semestre/i_h_c/IHC-final-1/Content/MobileStarterContent/Audio/Fire01.uasset" 434
"E:/Universidad/octavo semestre/i_h_c/IHC-final-1/Content/MobileStarterContent/Audio/Fire01_Cue.uasset" 435
"E:/Universidad/octavo semestre/i_h_c/IHC-final-1/Content/MobileStarterContent/Textures/T_Fire_SubUV.uasset" 436
"E:/Universidad/octavo semestre/i_h_c/IHC-final-1/Content/MobileStarterContent/Textures/T_Fire_Tiled_D.uasset" 437
"E:/Universidad/octavo semestre/i_h_c/IHC-final-1/Content/MobileStarterContent/Particles/Materials/M_Fire_SubUV.uasset" 438
"E:/Universidad/octavo semestre/i_h_c/IHC-final-1/Content/MobileStarterContent/Particles/Materials/M_Radial_Gradient.uasset" 439
"E:/Universidad/octavo semestre/i_h_c/IHC-final-1/Content/MobileStarterContent/Particles/P_Fire.uasset" 440
"E:/Universidad/octavo semestre/i_h_c/IHC-final-1/Content/MobileStarterContent/Blueprints/Blueprint_Effect_Fire.uasset" 441
"E:/Universidad/octavo semestre/i_h_c/IHC-final-1/Content/MobileStarterContent/Audio/Smoke01.uasset" 442
"E:/Universidad/octavo semestre/i_h_c/IHC-final-1/Content/MobileStarterContent/Audio/Smoke01_Cue.uasset" 443
"E:/Universidad/octavo semestre/i_h_c/IHC-final-1/Content/MobileStarterContent/Particles/P_Smoke.uasset" 444
"E:/Universidad/octavo semestre/i_h_c/IHC-final-1/Content/MobileStarterContent/Blueprints/Blueprint_Effect_Smoke.uasset" 445
"E:/Universidad/octavo semestre/i_h_c/IHC-final-1/Content/MobileStarterContent/Audio/Fire_Sparks01.uasset" 446
"E:/Universidad/octavo semestre/i_h_c/IHC-final-1/Content/MobileStarterContent/Audio/Fire_Sparks01_Cue.uasset" 447
"E:/Universidad/octavo semestre/i_h_c/IHC-final-1/Content/MobileStarterContent/Textures/T_Spark_Core.uasset" 448
"E:/Universidad/octavo semestre/i_h_c/IHC-final-1/Content/MobileStarterContent/Particles/Materials/M_Spark.uasset" 449
"E:/Universidad/octavo semestre/i_h_c/IHC-final-1/Content/MobileStarterContent/Particles/P_Sparks.uasset" 450
"E:/Universidad/octavo semestre/i_h_c/IHC-final-1/Content/MobileStarterContent/Blueprints/Blueprint_Effect_Sparks.uasset" 451
"E:/Universidad/octavo semestre/i_h_c/IHC-final-1/Content/MobileStarterContent/Textures/T_Lamp_M.uasset" 452
"E:/Universidad/octavo semestre/i_h_c/IHC-final-1/Content/MobileStarterContent/Textures/T_Lamp_N.uasset" 453
"E:/Universidad/octavo semestre/i_h_c/IHC-final-1/Content/MobileStarterContent/Props/Materials/M_Lamp.uasset" 454
"E:/Universidad/octavo semestre/i_h_c/IHC-final-1/Content/MobileStarterContent/Props/SM_Lamp_Ceiling.uasset" 455
"E:/Universidad/octavo semestre/i_h_c/IHC-final-1/Content/MobileStarterContent/Blueprints/Blueprint_CeilingLight.uasset" 456
"E:/Universidad/octavo semestre/i_h_c/IHC-final-1/Content/MobileStarterContent/Props/SM_Lamp_Wall.uasset" 457
"E:/Universidad/octavo semestre/i_h_c/IHC-final-1/Content/MobileStarterContent/Blueprints/Blueprint_WallSconce.uasset" 458
"E:/Universidad/octavo semestre/i_h_c/IHC-final-1/Content/MobileStarterContent/Maps/StarterMap_BuiltData.uasset" 459
"E:/Universidad/octavo semestre/i_h_c/IHC-final-1/Content/MobileStarterContent/Textures/T_Brick_Clay_Beveled_D.uasset" 460
"E:/Universidad/octavo semestre/i_h_c/IHC-final-1/Content/MobileStarterContent/Textures/T_Brick_Clay_Beveled_M.uasset" 461
"E:/Universidad/octavo semestre/i_h_c/IHC-final-1/Content/MobileStarterContent/Textures/T_Brick_Clay_Beveled_N.uasset" 462
"E:/Universidad/octavo semestre/i_h_c/IHC-final-1/Content/MobileStarterContent/Materials/M_Brick_Clay_Beveled.uasset" 463
"E:/Universidad/octavo semestre/i_h_c/IHC-final-1/Content/MobileStarterContent/Textures/T_Brick_Clay_New_D.uasset" 464
"E:/Universidad/octavo semestre/i_h_c/IHC-final-1/Content/MobileStarterContent/Textures/T_Brick_Clay_New_M.uasset" 465
"E:/Universidad/octavo semestre/i_h_c/IHC-final-1/Content/MobileStarterContent/Textures/T_Brick_Clay_New_N.uasset" 466
"E:/Universidad/octavo semestre/i_h_c/IHC-final-1/Content/MobileStarterContent/Materials/M_Brick_Clay_New.uasset" 467
"E:/Universidad/octavo semestre/i_h_c/IHC-final-1/Content/MobileStarterContent/Textures/T_Brick_Clay_Old_D.uasset" 468
"E:/Universidad/octavo semestre/i_h_c/IHC-final-1/Content/MobileStarterContent/Textures/T_Brick_Clay_Old_N.uasset" 469
"E:/Universidad/octavo semestre/i_h_c/IHC-final-1/Content/MobileStarterContent/Materials/M_Brick_Clay_Old.uasset" 470
"E:/Universidad/octavo semestre/i_h_c/IHC-final-1/Content/MobileStarterContent/Textures/T_Brick_Cut_Stone_D.uasset" 471
"E:/Universidad/octavo semestre/i_h_c/IHC-final-1/Content/MobileStarterContent/Textures/T_Brick_Cut_Stone_N.uasset" 472
"E:/Universidad/octavo semestre/i_h_c/IHC-final-1/Content/MobileStarterContent/Materials/M_Brick_Cut_Stone.uasset" 473
"E:/Universidad/octavo semestre/i_h_c/IHC-final-1/Content/MobileStarterContent/Textures/T_Brick_Hewn_Stone_D.uasset" 474
"E:/Universidad/octavo semestre/i_h_c/IHC-final-1/Content/MobileStarterContent/Textures/T_Brick_Hewn_Stone_M.uasset" 475
"E:/Universidad/octavo semestre/i_h_c/IHC-final-1/Content/MobileStarterContent/Textures/T_Brick_Hewn_Stone_N.uasset" 476
"E:/Universidad/octavo semestre/i_h_c/IHC-final-1/Content/MobileStarterContent/Materials/M_Brick_Hewn_Stone.uasset" 477
"E:/Universidad/octavo semestre/i_h_c/IHC-final-1/Content/MobileStarterContent/Textures/T_Ceramic_Tile_M.uasset" 478
"E:/Universidad/octavo semestre/i_h_c/IHC-final-1/Content/MobileStarterContent/Textures/T_Ceramic_Tile_N.uasset" 479
"E:/Universidad/octavo semestre/i_h_c/IHC-final-1/Content/MobileStarterContent/Textures/T_Rock_Marble_Polished_D.uasset" 480
"E:/Universidad/octavo semestre/i_h_c/IHC-final-1/Content/MobileStarterContent/Materials/M_Ceramic_Tile_Checker.uasset" 481
"E:/Universidad/octavo semestre/i_h_c/IHC-final-1/Content/MobileStarterContent/Textures/T_CobbleStone_Pebble_D.uasset" 482
"E:/Universidad/octavo semestre/i_h_c/IHC-final-1/Content/MobileStarterContent/Textures/T_CobbleStone_Pebble_N.uasset" 483
"E:/Universidad/octavo semestre/i_h_c/IHC-final-1/Content/MobileStarterContent/Materials/M_CobbleStone_Pebble.uasset" 484
"E:/Universidad/octavo semestre/i_h_c/IHC-final-1/Content/MobileStarterContent/Textures/T_CobbleStone_Rough_D.uasset" 485
"E:/Universidad/octavo semestre/i_h_c/IHC-final-1/Content/MobileStarterContent/Textures/T_CobbleStone_Rough_N.uasset" 486
"E:/Universidad/octavo semestre/i_h_c/IHC-final-1/Content/MobileStarterContent/Materials/M_CobbleStone_Rough.uasset" 487
"E:/Universidad/octavo semestre/i_h_c/IHC-final-1/Content/MobileStarterContent/Textures/T_CobbleStone_Smooth_D.uasset" 488
"E:/Universidad/octavo semestre/i_h_c/IHC-final-1/Content/MobileStarterContent/Textures/T_CobbleStone_Smooth_M.uasset" 489
"E:/Universidad/octavo semestre/i_h_c/IHC-final-1/Content/MobileStarterContent/Textures/T_CobbleStone_Smooth_N.uasset" 490
"E:/Universidad/octavo semestre/i_h_c/IHC-final-1/Content/MobileStarterContent/Materials/M_CobbleStone_Smooth.uasset" 491
"E:/Universidad/octavo semestre/i_h_c/IHC-final-1/Content/MobileStarterContent/Textures/T_Concrete_Grime_D.uasset" 492
"E:/Universidad/octavo semestre/i_h_c/IHC-final-1/Content/MobileStarterContent/Textures/T_Metal_Rust_N.uasset" 493
"E:/Universidad/octavo semestre/i_h_c/IHC-final-1/Content/MobileStarterContent/Materials/M_Concrete_Grime.uasset" 494
"E:/Universidad/octavo semestre/i_h_c/IHC-final-1/Content/MobileStarterContent/Textures/T_Concrete_Panels_D.uasset" 495
"E:/Universidad/octavo semestre/i_h_c/IHC-final-1/Content/MobileStarterContent/Textures/T_Concrete_Panels_N.uasset" 496
"E:/Universidad/octavo semestre/i_h_c/IHC-final-1/Content/MobileStarterContent/Materials/M_Concrete_Panels.uasset" 497
"E:/Universidad/octavo semestre/i_h_c/IHC-final-1/Content/MobileStarterContent/Textures/T_Concrete_Poured_D.uasset" 498
"E:/Universidad/octavo semestre/i_h_c/IHC-final-1/Content/MobileStarterContent/Textures/T_Concrete_Poured_N.uasset" 499
"E:/Universidad/octavo semestre/i_h_c/IHC-final-1/Content/MobileStarterContent/Materials/M_Concrete_Poured.uasset" 500
"E:/Universidad/octavo semestre/i_h_c/IHC-final-1/Content/MobileStarterContent/Textures/T_Concrete_Tiles_D.uasset" 501
"E:/Universidad/octavo semestre/i_h_c/IHC-final-1/Content/MobileStarterContent/Textures/T_Concrete_Tiles_M.uasset" 502
"E:/Universidad/octavo semestre/i_h_c/IHC-final-1/Content/MobileStarterContent/Textures/T_Concrete_Tiles_N.uasset" 503
"E:/Universidad/octavo semestre/i_h_c/IHC-final-1/Content/MobileStarterContent/Materials/M_Concrete_Tiles.uasset" 504
"E:/Universidad/octavo semestre/i_h_c/IHC-final-1/Content/MobileStarterContent/Textures/T_Ground_Gravel_D.uasset" 505
"E:/Universidad/octavo semestre/i_h_c/IHC-final-1/Content/MobileStarterContent/Textures/T_Ground_Gravel_N.uasset" 506
"E:/Universidad/octavo semestre/i_h_c/IHC-final-1/Content/MobileStarterContent/Materials/M_Ground_Gravel.uasset" 507
"E:/Universidad/octavo semestre/i_h_c/IHC-final-1/Content/MobileStarterContent/Textures/T_ground_Moss_D.uasset" 508
"E:/Universidad/octavo semestre/i_h_c/IHC-final-1/Content/MobileStarterContent/Textures/T_Ground_Moss_N.uasset" 509
"E:/Universidad/octavo semestre/i_h_c/IHC-final-1/Content/MobileStarterContent/Materials/M_Ground_Moss.uasset" 510
"E:/Universidad/octavo semestre/i_h_c/IHC-final-1/Content/MobileStarterContent/Textures/T_MacroVariation.uasset" 511
"E:/Universidad/octavo semestre/i_h_c/IHC-final-1/Content/MobileStarterContent/Materials/M_Metal_Brushed_Nickel.uasset" 512
"E:/Universidad/octavo semestre/i_h_c/IHC-final-1/Content/MobileStarterContent/Materials/M_Metal_Chrome.uasset" 513
"E:/Universidad/octavo semestre/i_h_c/IHC-final-1/Content/MobileStarterContent/Textures/T_Metal_Copper_D.uasset" 514
"E:/Universidad/octavo semestre/i_h_c/IHC-final-1/Content/MobileStarterContent/Materials/M_Metal_Copper.uasset" 515
"E:/Universidad/octavo semestre/i_h_c/IHC-final-1/Content/MobileStarterContent/Textures/T_Metal_Gold_D.uasset" 516
"E:/Universidad/octavo semestre/i_h_c/IHC-final-1/Content/MobileStarterContent/Materials/M_Metal_Gold.uasset" 517
"E:/Universidad/octavo semestre/i_h_c/IHC-final-1/Content/MobileStarterContent/Textures/T_Metal_Rust_D.uasset" 518
"E:/Universidad/octavo semestre/i_h_c/IHC-final-1/Content/MobileStarterContent/Materials/M_Metal_Rust.uasset" 519
"E:/Universidad/octavo semestre/i_h_c/IHC-final-1/Content/MobileStarterContent/Textures/T_Rock_Basalt_N.uasset" 520
"E:/Universidad/octavo semestre/i_h_c/IHC-final-1/Content/MobileStarterContent/Materials/M_Rock_Basalt.uasset" 521
"E:/Universidad/octavo semestre/i_h_c/IHC-final-1/Content/MobileStarterContent/Materials/M_Rock_Marble_Polished.uasset" 522
"E:/Universidad/octavo semestre/i_h_c/IHC-final-1/Content/MobileStarterContent/Textures/T_Rock_Sandstone_D.uasset" 523
"E:/Universidad/octavo semestre/i_h_c/IHC-final-1/Content/MobileStarterContent/Textures/T_Rock_Sandstone_N.uasset" 524
"E:/Universidad/octavo semestre/i_h_c/IHC-final-1/Content/MobileStarterContent/Materials/M_Rock_Sandstone.uasset" 525
"E:/Universidad/octavo semestre/i_h_c/IHC-final-1/Content/MobileStarterContent/Textures/T_Rock_Slate_D.uasset" 526
"E:/Universidad/octavo semestre/i_h_c/IHC-final-1/Content/MobileStarterContent/Textures/T_Rock_Slate_N.uasset" 527
"E:/Universidad/octavo semestre/i_h_c/IHC-final-1/Content/MobileStarterContent/Materials/M_Rock_Slate.uasset" 528
"E:/Universidad/octavo semestre/i_h_c/IHC-final-1/Content/MobileStarterContent/Textures/T_Checker_Noise_M.uasset" 529
"E:/Universidad/octavo semestre/i_h_c/IHC-final-1/Content/MobileStarterContent/Textures/T_Single_Tile_N.uasset" 530
"E:/Universidad/octavo semestre/i_h_c/IHC-final-1/Content/MobileStarterContent/Textures/T_Tech_Dot_M.uasset" 531
"E:/Universidad/octavo semestre/i_h_c/IHC-final-1/Content/MobileStarterContent/Textures/T_Tech_Dot_N.uasset" 532
"E:/Universidad/octavo semestre/i_h_c/IHC-final-1/Content/MobileStarterContent/Materials/M_Tech_Checker_Dot.uasset" 533
"E:/Universidad/octavo semestre/i_h_c/IHC-final-1/Content/MobileStarterContent/Textures/T_Tech_Hex_Tile_M.uasset" 534
"E:/Universidad/octavo semestre/i_h_c/IHC-final-1/Content/MobileStarterContent/Textures/T_Tech_Hex_Tile_N.uasset" 535
"E:/Universidad/octavo semestre/i_h_c/IHC-final-1/Content/MobileStarterContent/Materials/M_Tech_Hex_Tile.uasset" 536
"E:/Universidad/octavo semestre/i_h_c/IHC-final-1/Content/MobileStarterContent/Materials/M_Tech_Hex_Tile_Pulse.uasset" 537
"E:/Universidad/octavo semestre/i_h_c/IHC-final-1/Content/MobileStarterContent/Textures/T_Tech_Panel_M.uasset" 538
"E:/Universidad/octavo semestre/i_h_c/IHC-final-1/Content/MobileStarterContent/Textures/T_Tech_Panel_N.uasset" 539
"E:/Universidad/octavo semestre/i_h_c/IHC-final-1/Content/MobileStarterContent/Materials/M_Tech_Panel.uasset" 540
"E:/Universidad/octavo semestre/i_h_c/IHC-final-1/Content/MobileStarterContent/Materials/M_Water_Lake.uasset" 541
"E:/Universidad/octavo semestre/i_h_c/IHC-final-1/Content/MobileStarterContent/Materials/M_Wood_Floor_Walnut_Worn.uasset" 542
"E:/Universidad/octavo semestre/i_h_c/IHC-final-1/Content/MobileStarterContent/Textures/T_Wood_Walnut_D.uasset" 543
"E:/Universidad/octavo semestre/i_h_c/IHC-final-1/Content/MobileStarterContent/Textures/T_Wood_Walnut_N.uasset" 544
"E:/Universidad/octavo semestre/i_h_c/IHC-final-1/Content/MobileStarterContent/Materials/M_Wood_Walnut.uasset" 545
"E:/Universidad/octavo semestre/i_h_c/IHC-final-1/Content/MobileStarterContent/Architecture/Wall_400x200.uasset" 546
"E:/Universidad/octavo semestre/i_h_c/IHC-final-1/Content/MobileStarterContent/Architecture/Wall_Door_400x300.uasset" 547
"E:/Universidad/octavo semestre/i_h_c/IHC-final-1/Content/MobileStarterContent/Architecture/Wall_Window_400x300.uasset" 548
"E:/Universidad/octavo semestre/i_h_c/IHC-final-1/Content/MobileStarterContent/Audio/Collapse01.uasset" 549
"E:/Universidad/octavo semestre/i_h_c/IHC-final-1/Content/MobileStarterContent/Audio/Collapse02.uasset" 550
"E:/Universidad/octavo semestre/i_h_c/IHC-final-1/Content/MobileStarterContent/Audio/Collapse_Cue.uasset" 551
"E:/Universidad/octavo semestre/i_h_c/IHC-final-1/Content/MobileStarterContent/Audio/Starter_Birds01.uasset" 552
"E:/Universidad/octavo semestre/i_h_c/IHC-final-1/Content/MobileStarterContent/Audio/Starter_Wind05.uasset" 553
"E:/Universidad/octavo semestre/i_h_c/IHC-final-1/Content/MobileStarterContent/Audio/Starter_Wind06.uasset" 554
"E:/Universidad/octavo semestre/i_h_c/IHC-final-1/Content/MobileStarterContent/Audio/Starter_Background_Cue.uasset" 555
"E:/Universidad/octavo semestre/i_h_c/IHC-final-1/Content/MobileStarterContent/Audio/Starter_Music01.uasset" 556
"E:/Universidad/octavo semestre/i_h_c/IHC-final-1/Content/MobileStarterContent/Audio/Starter_Music_Cue.uasset" 557
"E:/Universidad/octavo semestre/i_h_c/IHC-final-1/Content/MobileStarterContent/Textures/T_Dust_Particle_D.uasset" 558
"E:/Universidad/octavo semestre/i_h_c/IHC-final-1/Content/MobileStarterContent/Particles/Materials/M_Dust_Particle.uasset" 559
"E:/Universidad/octavo semestre/i_h_c/IHC-final-1/Content/MobileStarterContent/Particles/P_Ambient_Dust.uasset" 560
"E:/Universidad/octavo semestre/i_h_c/IHC-final-1/Content/MobileStarterContent/Props/MaterialSphere.uasset" 561
"E:/Universidad/octavo semestre/i_h_c/IHC-final-1/Content/MobileStarterContent/Textures/T_Frame_M.uasset" 562
"E:/Universidad/octavo semestre/i_h_c/IHC-final-1/Content/MobileStarterContent/Textures/T_Frame_N.uasset" 563
"E:/Universidad/octavo semestre/i_h_c/IHC-final-1/Content/MobileStarterContent/Props/Materials/M_Frame.uasset" 564
"E:/Universidad/octavo semestre/i_h_c/IHC-final-1/Content/MobileStarterContent/Props/SM_CornerFrame.uasset" 565
"E:/Universidad/octavo semestre/i_h_c/IHC-final-1/Content/MobileStarterContent/Props/SM_DoorFrame.uasset" 566
"E:/Universidad/octavo semestre/i_h_c/IHC-final-1/Content/MobileStarterContent/Props/SM_GlassWindow.uasset" 567
"E:/Universidad/octavo semestre/i_h_c/IHC-final-1/Content/MobileStarterContent/Props/SM_PillarFrame.uasset" 568
"E:/Universidad/octavo semestre/i_h_c/IHC-final-1/Content/MobileStarterContent/Props/SM_PillarFrame300.uasset" 569
"E:/Universidad/octavo semestre/i_h_c/IHC-final-1/Content/MobileStarterContent/Props/SM_WindowFrame.uasset" 570
"E:/Universidad/octavo semestre/i_h_c/IHC-final-1/Content/MobileStarterContent/Shapes/Shape_Cube.uasset" 571
"E:/Universidad/octavo semestre/i_h_c/IHC-final-1/Content/MobileStarterContent/Shapes/Shape_QuadPyramid.uasset" 572
"E:/Universidad/octavo semestre/i_h_c/IHC-final-1/Content/MobileStarterContent/Shapes/Shape_Sphere.uasset" 573
"E:/Universidad/octavo semestre/i_h_c/IHC-final-1/Content/MobileStarterContent/Maps/StarterMap.umap" 574
"../../../Engine/Content/Functions/Engine_MaterialFunctions01/Texturing/ScaleUVsByCenter.uasset" 575
"../../../Engine/Content/Functions/Engine_MaterialFunctions02/ScreenResolution.uasset" 576
"../../../Engine/Content/Functions/Engine_MaterialFunctions02/Texturing/ScreenAlignedUVs.uasset" 577
"../../../Engine/Content/Functions/Engine_MaterialFunctions02/Utility/CameraDirectionVector.uasset" 578
"../../../Engine/Content/Functions/Engine_MaterialFunctions02/Utility/DepthFromWorldPosition.uasset" 579
"E:/Universidad/octavo semestre/i_h_c/IHC-final-1/Content/VirtualReality/Materials/MF_OccludedPixels.uasset" 580
"E:/Universidad/octavo semestre/i_h_c/IHC-final-1/Content/VirtualReality/Materials/TeleportMCP.uasset" 581
"../../../Engine/Content/EngineMaterials/Good64x64TilingNoiseHighFreq.uasset" 582
"E:/Universidad/octavo semestre/i_h_c/IHC-final-1/Content/VirtualReality/Materials/M_ArcEndpoint.uasset" 583
"E:/Universidad/octavo semestre/i_h_c/IHC-final-1/Content/VirtualReality/Materials/M_TeleportPreviews.uasset" 584
"E:/Universidad/octavo semestre/i_h_c/IHC-final-1/Content/VirtualReality/Materials/MI_TeleportCylinderPreview.uasset" 585
"../../../Engine/Content/BasicShapes/Cylinder.uasset" 586
"E:/Universidad/octavo semestre/i_h_c/IHC-final-1/Content/VirtualReality/Meshes/BeaconDirection.uasset" 587
"E:/Universidad/octavo semestre/i_h_c/IHC-final-1/Content/VirtualReality/Meshes/SM_FatCylinder.uasset" 588
"E:/Universidad/octavo semestre/i_h_c/IHC-final-1/Content/VirtualRealityBP/Blueprints/HMDLocomotionPawn.uasset" 589
"E:/Universidad/octavo semestre/i_h_c/IHC-final-1/Content/VirtualRealityBP/Maps/HMDLocomotionMap_BuiltData.uasset" 590
"E:/Universidad/octavo semestre/i_h_c/IHC-final-1/Content/VirtualReality/Materials/M_BaseMaterial.uasset" 591
"E:/Universidad/octavo semestre/i_h_c/IHC-final-1/Content/VirtualReality/Materials/MI_BaseMaterial2.uasset" 592
"E:/Universidad/octavo semestre/i_h_c/IHC-final-1/Content/VirtualReality/Materials/MI_BaseMaterial3.uasset" 593
"E:/Universidad/octavo semestre/i_h_c/IHC-final-1/Content/Geometry/Meshes/1M_Cube.uasset" 594
"E:/Universidad/octavo semestre/i_h_c/IHC-final-1/Content/VirtualRealityBP/Maps/HMDLocomotionMap.umap" 595
"E:/Universidad/octavo semestre/i_h_c/IHC-final-1/Content/VirtualRealityBP/Blueprints/PickupActorInterface.uasset" 596
"E:/Universidad/octavo semestre/i_h_c/IHC-final-1/Content/VirtualReality/Materials/MI_SmallCubes.uasset" 597
"E:/Universidad/octavo semestre/i_h_c/IHC-final-1/Content/VirtualRealityBP/Blueprints/BP_PickupCube.uasset" 598
"E:/Universidad/octavo semestre/i_h_c/IHC-final-1/Content/VirtualReality/Mannequin/Animations/MannequinHand_Right_CanGrab.uasset" 599
"E:/Universidad/octavo semestre/i_h_c/IHC-final-1/Content/VirtualReality/Mannequin/Animations/MannequinHand_Right_Grab.uasset" 600
"E:/Universidad/octavo semestre/i_h_c/IHC-final-1/Content/VirtualReality/Mannequin/Animations/MannequinHand_Right_Open.uasset" 601
"E:/Universidad/octavo semestre/i_h_c/IHC-final-1/Content/VirtualReality/Mannequin/Animations/RightGrip_BS.uasset" 602
"E:/Universidad/octavo semestre/i_h_c/IHC-final-1/Content/VirtualRealityBP/Blueprints/GripEnum.uasset" 603
"E:/Universidad/octavo semestre/i_h_c/IHC-final-1/Content/VirtualReality/Mannequin/Animations/RightHand_AnimBP.uasset" 604
"E:/Universidad/octavo semestre/i_h_c/IHC-final-1/Content/VirtualRealityBP/Blueprints/MotionControllerHaptics.uasset" 605
"E:/Universidad/octavo semestre/i_h_c/IHC-final-1/Content/VirtualReality/Materials/M_SplineArcMat.uasset" 606
"E:/Universidad/octavo semestre/i_h_c/IHC-final-1/Content/VirtualReality/Materials/MI_ChaperoneOutline.uasset" 607
"../../../Engine/Content/BasicShapes/Sphere.uasset" 608
"E:/Universidad/octavo semestre/i_h_c/IHC-final-1/Content/VirtualReality/Meshes/1x1_cube.uasset" 609
"E:/Universidad/octavo semestre/i_h_c/IHC-final-1/Content/VirtualReality/Meshes/BeamMesh.uasset" 610
"E:/Universidad/octavo semestre/i_h_c/IHC-final-1/Content/VirtualRealityBP/Blueprints/BP_MotionController.uasset" 611
"E:/Universidad/octavo semestre/i_h_c/IHC-final-1/Content/VirtualRealityBP/Blueprints/MotionControllerPawn.uasset" 612
"E:/Universidad/octavo semestre/i_h_c/IHC-final-1/Content/VirtualRealityBP/Maps/MotionControllerMap_BuiltData.uasset" 613
"E:/Universidad/octavo semestre/i_h_c/IHC-final-1/Content/VirtualRealityBP/Maps/MotionControllerMap.umap" 614
"E:/Universidad/octavo semestre/i_h_c/IHC-final-1/Content/VirtualRealityBP/Maps/StartupMap_BuiltData.uasset" 615
"E:/Universidad/octavo semestre/i_h_c/IHC-final-1/Content/VirtualReality/Materials/GenericHMDMaterial.uasset" 616
"../../../Engine/Content/MapTemplates/Sky/DaylightAmbientCubemap.uasset" 617
"E:/Universidad/octavo semestre/i_h_c/IHC-final-1/Content/VirtualReality/Meshes/GenericHMD.uasset" 618
"E:/Universidad/octavo semestre/i_h_c/IHC-final-1/Content/VirtualRealityBP/Maps/StartupMap.umap" 619
"../../../Engine/Content/Maps/Entry_BuiltData.uasset" 620
"../../../Engine/Content/Maps/Entry.umap" 621
